<?xml version="1.0" encoding="UTF-8"?>
<!-- Generated by org.testng.reporters.JUnitReportReporter -->
<testsuite hostname="LAPTOP-HLV361MA" name="com.testngframework.ValidateNavigationBar" tests="1" failures="0" timestamp="15 May 2020 21:32:52 GMT" time="0.144" errors="0">
  <testcase name="basePageNavigation" time="0.144" classname="com.testngframework.ValidateNavigationBar"/>
</testsuite> <!-- com.testngframework.ValidateNavigationBar -->
