<?xml version="1.0" encoding="UTF-8"?>
<!-- Generated by org.testng.reporters.JUnitReportReporter -->
<testsuite hostname="LAPTOP-HLV361MA" name="com.testngframework.HomePage" tests="1" failures="0" timestamp="12 May 2020 21:55:18 GMT" time="12.591" errors="0">
  <testcase name="basePageNavigation" time="12.591" classname="com.testngframework.HomePage"/>
</testsuite> <!-- com.testngframework.HomePage -->
