<?xml version="1.0" encoding="UTF-8"?>
<!-- Generated by org.testng.reporters.JUnitReportReporter -->
<testsuite hostname="LAPTOP-HLV361MA" name="com.testngframework.HomePageNew" tests="2" failures="0" timestamp="15 May 2020 21:32:52 GMT" time="11.015" errors="0">
  <testcase name="basePageNavigation" time="6.553" classname="com.testngframework.HomePageNew"/>
  <testcase name="basePageNavigation" time="4.462" classname="com.testngframework.HomePageNew"/>
</testsuite> <!-- com.testngframework.HomePageNew -->
