<?xml version="1.0" encoding="UTF-8"?>
<!-- Generated by org.testng.reporters.JUnitReportReporter -->
<testsuite hostname="LAPTOP-HLV361MA" name="com.testngframework.first" tests="2" failures="0" timestamp="4 May 2020 20:24:49 GMT" time="0.001" errors="0">
  <testcase name="second" time="0.001" classname="com.testngframework.first"/>
  <testcase name="demo" time="0.000" classname="com.testngframework.first"/>
</testsuite> <!-- com.testngframework.first -->
