<?xml version="1.0" encoding="UTF-8"?>
<!-- Generated by org.testng.reporters.JUnitReportReporter -->
<testsuite hostname="LAPTOP-HLV361MA" name="com.testngframework.ValidateTitle" tests="1" failures="0" timestamp="15 May 2020 22:26:06 GMT" time="0.137" errors="0">
  <testcase name="basePageNavigation" time="0.137" classname="com.testngframework.ValidateTitle"/>
</testsuite> <!-- com.testngframework.ValidateTitle -->
