<?xml version="1.0" encoding="UTF-8"?>
<!-- Generated by org.testng.reporters.JUnitReportReporter -->
<testsuite skipped="0" hostname="LAPTOP-HLV361MA" name="com.testngframework.ValidateTitle" tests="1" failures="0" timestamp="15 May 2020 14:05:46 GMT" time="0.124" errors="0">
  <testcase name="basePageNavigation" time="0.124" classname="com.testngframework.ValidateTitle"/>
</testsuite> <!-- com.testngframework.ValidateTitle -->
