<?xml version="1.0" encoding="UTF-8"?>
<!-- Generated by org.testng.reporters.JUnitReportReporter -->
<testsuite skipped="0" hostname="LAPTOP-HLV361MA" name="com.testngframework.HomePageNew" tests="2" failures="0" timestamp="15 May 2020 14:05:46 GMT" time="13.466" errors="0">
  <testcase name="basePageNavigation" time="8.479" classname="com.testngframework.HomePageNew"/>
  <testcase name="basePageNavigation" time="4.987" classname="com.testngframework.HomePageNew"/>
</testsuite> <!-- com.testngframework.HomePageNew -->
